Added the object: Bob Dylan:INFO:2021-08-24 18:24:55,785
Added the object: Peter Osbern:INFO:2021-08-24 18:24:55,785
Added the object: Bob Dylan:INFO:2021-08-24 18:25:19,047
Added the object: Peter Osbern:INFO:2021-08-24 18:25:19,047
Added the object: Bob Dylan:INFO:2021-08-24 18:25:20,445
Added the object: Peter Osbern:INFO:2021-08-24 18:25:20,445
Added the object: Bob Dylan:INFO:2021-08-24 18:27:01,191
Added the object: Peter Osbern:INFO:2021-08-24 18:27:01,191
Added the object: George Smith:INFO:2021-08-24 18:27:01,191
Added the object: Bob Dylan:INFO:2021-08-24 18:27:10,115
Added the object: Peter Osbern:INFO:2021-08-24 18:27:10,131
Added the object: George Smith:INFO:2021-08-24 18:27:10,131
Added the object: Bob Dylan:INFO:2021-08-24 18:27:27,677
Added the object: Peter Osbern:INFO:2021-08-24 18:27:27,677
Added the object: George Smith:INFO:2021-08-24 18:27:27,677
Added the object: Bob Dylan:INFO:2021-08-24 18:27:44,398
Added the object: Peter Osbern:INFO:2021-08-24 18:27:44,398
Added the object: George Smith:INFO:2021-08-24 18:27:44,398
Added the object: Bob Dylan:INFO:2021-08-24 18:27:52,443
Added the object: Peter Osbern:INFO:2021-08-24 18:27:52,443
Added the object: George Smith:INFO:2021-08-24 18:27:52,443
Added the object: Bob Dylan:INFO:2021-08-24 18:27:56,875
Added the object: Peter Osbern:INFO:2021-08-24 18:27:56,875
Added the object: George Smith:INFO:2021-08-24 18:27:56,875
Added the object: Bob Dylan:INFO:2021-08-24 18:31:54,250
Created the instance email: Bob.Dylan@email.com:CRITICAL:2021-08-24 18:31:54,250
Added the object: Peter Osbern:INFO:2021-08-24 18:31:54,250
Created the instance email: Peter.Osbern@email.com:CRITICAL:2021-08-24 18:31:54,250
Added the object: George Smith:INFO:2021-08-24 18:31:54,250
Created the instance email: George.Smith@email.com:CRITICAL:2021-08-24 18:31:54,250
Added the object: Bob Dylan:INFO:2021-08-24 18:33:19,772
Created the instance email: Bob.Dylan@email.com:CRITICAL:2021-08-24 18:33:19,772
Added the object: Peter Osbern:INFO:2021-08-24 18:33:19,772
Created the instance email: Peter.Osbern@email.com:CRITICAL:2021-08-24 18:33:19,772
Added the object: George Smith:INFO:2021-08-24 18:33:19,772
Created the instance email: George.Smith@email.com:CRITICAL:2021-08-24 18:33:19,772
Added the object: Bob Dylan:INFO:2021-08-25 17:26:50,613
Created the instance email: Bob.Dylan@email.com:CRITICAL:2021-08-25 17:26:50,613
Added the object: Peter Osbern:INFO:2021-08-25 17:26:50,613
Created the instance email: Peter.Osbern@email.com:CRITICAL:2021-08-25 17:26:50,613
Added the object: George Smith:INFO:2021-08-25 17:26:50,613
Created the instance email: George.Smith@email.com:CRITICAL:2021-08-25 17:26:50,613
Added the object: Bob Dylan:INFO:2021-08-25 17:27:44,474
Created the instance email: Bob.Dylan@email.com:CRITICAL:2021-08-25 17:27:44,474
Added the object: Peter Osbern:INFO:2021-08-25 17:27:44,474
Created the instance email: Peter.Osbern@email.com:CRITICAL:2021-08-25 17:27:44,474
Added the object: George Smith:INFO:2021-08-25 17:27:44,474
Created the instance email: George.Smith@email.com:CRITICAL:2021-08-25 17:27:44,474
Added the object: Bob Dylan:INFO:2021-08-25 17:28:08,911
Created the instance email: Bob.Dylan@email.com:CRITICAL:2021-08-25 17:28:08,911
Added the object: Peter Osbern:INFO:2021-08-25 17:28:08,911
Created the instance email: Peter.Osbern@email.com:CRITICAL:2021-08-25 17:28:08,911
Added the object: George Smith:INFO:2021-08-25 17:28:08,911
Created the instance email: George.Smith@email.com:CRITICAL:2021-08-25 17:28:08,911
