[ERROR]>[__main__]>[Generated the email: 'Turing.Henry@email.com']
[ERROR]>[__main__]>[Generated the email: 'Green.Alan@email.com']
[ERROR]>[__main__]>[Generated the email: 'Smith.Arthur@email.com']
[ERROR]>[__main__]>[Generated the email: 'Turing.Henry@email.com']
[ERROR]>[__main__]>[Generated the email: 'Green.Alan@email.com']
[ERROR]>[__main__]>[Generated the email: 'Smith.Arthur@email.com']
[ERROR]>[__main__]>[Generated the email: 'Turing.Henry@email.com']
[ERROR]>[__main__]>[Generated the email: 'Green.Alan@email.com']
[ERROR]>[__main__]>[Generated the email: 'Smith.Arthur@email.com']
[ERROR]>[__main__]>[Generated the email: 'Turing.Henry@email.com']
[ERROR]>[__main__]>[Generated the email: 'Green.Alan@email.com']
[ERROR]>[__main__]>[Generated the email: 'Smith.Arthur@email.com']
[ERROR]>[employee]>[Generated the email: 'Turing.Henry@email.com']
[ERROR]>[employee]>[Generated the email: 'Green.Alan@email.com']
[ERROR]>[employee]>[Generated the email: 'Smith.Arthur@email.com']
[ERROR]>[employee]>[Generated the email: 'Turing.Henry@email.com']
[ERROR]>[employee]>[Generated the email: 'Green.Alan@email.com']
[ERROR]>[employee]>[Generated the email: 'Smith.Arthur@email.com']
[ERROR]>[employee]>[Generated the email: 'Turing.Henry@email.com']
[ERROR]>[employee]>[Generated the email: 'Green.Alan@email.com']
[ERROR]>[employee]>[Generated the email: 'Smith.Arthur@email.com']
[ERROR]>[employee]>[Generated the email: 'Turing.Henry@email.com']
[ERROR]>[employee]>[Generated the email: 'Green.Alan@email.com']
[ERROR]>[employee]>[Generated the email: 'Smith.Arthur@email.com']
[ERROR]>[employee]>[Generated the email: 'Turing.Henry@email.com']
[ERROR]>[employee]>[Generated the email: 'Green.Alan@email.com']
[ERROR]>[employee]>[Generated the email: 'Smith.Arthur@email.com']
[ERROR]>[employee]>[Generated the email: 'Turing.Henry@email.com']
[ERROR]>[employee]>[Generated the email: 'Green.Alan@email.com']
[ERROR]>[employee]>[Generated the email: 'Smith.Arthur@email.com']
[ERROR]>[employee]>[Generated the email: 'Turing.Henry@email.com']
[ERROR]>[employee]>[Generated the email: 'Green.Alan@email.com']
[ERROR]>[employee]>[Generated the email: 'Smith.Arthur@email.com']
[ERROR]>[employee]>[Generated the email: 'Turing.Henry@email.com']
[ERROR]>[employee]>[Generated the email: 'Green.Alan@email.com']
[ERROR]>[employee]>[Generated the email: 'Smith.Arthur@email.com']
[ERROR]>[employee]>[Generated the email: 'Turing.Henry@email.com']
[ERROR]>[employee]>[Generated the email: 'Green.Alan@email.com']
[ERROR]>[employee]>[Generated the email: 'Smith.Arthur@email.com']
[ERROR]>[employee]>[Generated the email: 'Turing.Henry@email.com']
[ERROR]>[employee]>[Generated the email: 'Green.Alan@email.com']
[ERROR]>[employee]>[Generated the email: 'Smith.Arthur@email.com']
[ERROR]>[employee]>[Generated the email: 'Turing.Henry@email.com']
[ERROR]>[employee]>[Generated the email: 'Green.Alan@email.com']
[ERROR]>[employee]>[Generated the email: 'Smith.Arthur@email.com']
[ERROR]>[employee]>[Generated the email: 'Turing.Henry@email.com']
[ERROR]>[employee]>[Generated the email: 'Green.Alan@email.com']
[ERROR]>[employee]>[Generated the email: 'Smith.Arthur@email.com']
[ERROR]>[employee]>[Generated the email: 'Turing.Henry@email.com']
[ERROR]>[employee]>[Generated the email: 'Green.Alan@email.com']
[ERROR]>[employee]>[Generated the email: 'Smith.Arthur@email.com']
[ERROR]>[employee]>[Generated the email: 'Turing.Henry@email.com']
[ERROR]>[employee]>[Generated the email: 'Green.Alan@email.com']
[ERROR]>[employee]>[Generated the email: 'Smith.Arthur@email.com']
[ERROR]>[employee]>[Generated the email: 'Turing.Henry@email.com']
[ERROR]>[employee]>[Generated the email: 'Green.Alan@email.com']
[ERROR]>[employee]>[Generated the email: 'Smith.Arthur@email.com']
[ERROR]>[employee]>[Generated the email: 'Turing.Henry@email.com']
[ERROR]>[employee]>[Generated the email: 'Green.Alan@email.com']
[ERROR]>[employee]>[Generated the email: 'Smith.Arthur@email.com']
[ERROR]>[employee]>[Generated the email: 'Turing.Henry@email.com']
[ERROR]>[employee]>[Generated the email: 'Green.Alan@email.com']
[ERROR]>[employee]>[Generated the email: 'Smith.Arthur@email.com']
[ERROR]>[__main__]>[Generated the email: 'Turing.Henry@email.com']
[ERROR]>[__main__]>[Generated the email: 'Green.Alan@email.com']
[ERROR]>[__main__]>[Generated the email: 'Smith.Arthur@email.com']
[ERROR]>[__main__]>[Generated the email: 'Turing.Henry@email.com']
[ERROR]>[__main__]>[Generated the email: 'Green.Alan@email.com']
[ERROR]>[__main__]>[Generated the email: 'Smith.Arthur@email.com']
[ERROR]>[__main__]>[Generated the email: 'Turing.Henry@email.com']
[ERROR]>[__main__]>[Generated the email: 'Green.Alan@email.com']
[ERROR]>[__main__]>[Generated the email: 'Smith.Arthur@email.com']
[ERROR]>[__main__]>[Generated the email: 'Turing.Henry@email.com']
[ERROR]>[__main__]>[Generated the email: 'Green.Alan@email.com']
[ERROR]>[__main__]>[Generated the email: 'Smith.Arthur@email.com']
[ERROR]>[__main__]>[Generated the email: 'Turing.Henry@email.com']
[ERROR]>[__main__]>[Generated the email: 'Green.Alan@email.com']
[ERROR]>[__main__]>[Generated the email: 'Smith.Arthur@email.com']
